  [1m[35m (0.1ms)[0m  [1m[34mSELECT sqlite_version(*)[0m
  ↳ bin/rails:9
  [1m[35m (1.6ms)[0m  [1m[35mCREATE TABLE "schema_migrations" ("version" varchar NOT NULL PRIMARY KEY)[0m
  ↳ bin/rails:9
  [1m[35m (0.8ms)[0m  [1m[35mCREATE TABLE "ar_internal_metadata" ("key" varchar NOT NULL PRIMARY KEY, "value" varchar, "created_at" datetime NOT NULL, "updated_at" datetime NOT NULL)[0m
  ↳ bin/rails:9
  [1m[35m (0.2ms)[0m  [1m[34mSELECT "schema_migrations"."version" FROM "schema_migrations" ORDER BY "schema_migrations"."version" ASC[0m
  ↳ bin/rails:9
Migrating to CreatePlaces (20190603114013)
  [1m[35m (0.1ms)[0m  [1m[36mbegin transaction[0m
  ↳ bin/rails:9
  [1m[35m (0.4ms)[0m  [1m[35mCREATE TABLE "places" ("id" integer PRIMARY KEY AUTOINCREMENT NOT NULL, "name" varchar, "latitude" decimal, "logitude" decimal, "created_at" datetime NOT NULL, "updated_at" datetime NOT NULL)[0m
  ↳ db/migrate/20190603114013_create_places.rb:3
  [1m[36mActiveRecord::SchemaMigration Create (0.2ms)[0m  [1m[32mINSERT INTO "schema_migrations" ("version") VALUES (?)[0m  [["version", "20190603114013"]]
  ↳ bin/rails:9
  [1m[35m (1.9ms)[0m  [1m[36mcommit transaction[0m
  ↳ bin/rails:9
  [1m[36mActiveRecord::InternalMetadata Load (0.3ms)[0m  [1m[34mSELECT  "ar_internal_metadata".* FROM "ar_internal_metadata" WHERE "ar_internal_metadata"."key" = ? LIMIT ?[0m  [["key", "environment"], ["LIMIT", 1]]
  ↳ bin/rails:9
  [1m[35m (0.1ms)[0m  [1m[36mbegin transaction[0m
  ↳ bin/rails:9
  [1m[36mActiveRecord::InternalMetadata Create (0.3ms)[0m  [1m[32mINSERT INTO "ar_internal_metadata" ("key", "value", "created_at", "updated_at") VALUES (?, ?, ?, ?)[0m  [["key", "environment"], ["value", "development"], ["created_at", "2019-06-03 11:43:31.034076"], ["updated_at", "2019-06-03 11:43:31.034076"]]
  ↳ bin/rails:9
  [1m[35m (1.1ms)[0m  [1m[36mcommit transaction[0m
  ↳ bin/rails:9
  [1m[35m (0.1ms)[0m  [1m[34mSELECT "schema_migrations"."version" FROM "schema_migrations" ORDER BY "schema_migrations"."version" ASC[0m
  ↳ bin/rails:9
  [1m[35m (0.1ms)[0m  [1m[34mSELECT "schema_migrations"."version" FROM "schema_migrations" ORDER BY "schema_migrations"."version" ASC[0m
  ↳ bin/rails:9
  [1m[35m (0.1ms)[0m  [1m[34mSELECT "schema_migrations"."version" FROM "schema_migrations" ORDER BY "schema_migrations"."version" ASC[0m
  ↳ bin/rails:9
  [1m[35m (0.0ms)[0m  [1m[36mbegin transaction[0m
  ↳ db/seeds.rb:9
  [1m[36mPlace Create (0.4ms)[0m  [1m[32mINSERT INTO "places" ("name", "latitude", "logitude", "created_at", "updated_at") VALUES (?, ?, ?, ?, ?)[0m  [["name", "Buckingham Palace"], ["latitude", 51.501564], ["logitude", -0.141944], ["created_at", "2019-06-03 11:44:46.046944"], ["updated_at", "2019-06-03 11:44:46.046944"]]
  ↳ db/seeds.rb:9
  [1m[35m (1.6ms)[0m  [1m[36mcommit transaction[0m
  ↳ db/seeds.rb:9
  [1m[35m (0.1ms)[0m  [1m[36mbegin transaction[0m
  ↳ db/seeds.rb:9
  [1m[36mPlace Create (0.3ms)[0m  [1m[32mINSERT INTO "places" ("name", "latitude", "logitude", "created_at", "updated_at") VALUES (?, ?, ?, ?, ?)[0m  [["name", "Westminster Abbey"], ["latitude", 51.499581], ["logitude", -0.127309], ["created_at", "2019-06-03 11:44:46.050792"], ["updated_at", "2019-06-03 11:44:46.050792"]]
  ↳ db/seeds.rb:9
  [1m[35m (1.2ms)[0m  [1m[36mcommit transaction[0m
  ↳ db/seeds.rb:9
  [1m[35m (0.1ms)[0m  [1m[36mbegin transaction[0m
  ↳ db/seeds.rb:9
  [1m[36mPlace Create (0.4ms)[0m  [1m[32mINSERT INTO "places" ("name", "latitude", "logitude", "created_at", "updated_at") VALUES (?, ?, ?, ?, ?)[0m  [["name", "Big Ben"], ["latitude", 51.500792], ["logitude", -0.124613], ["created_at", "2019-06-03 11:44:46.053881"], ["updated_at", "2019-06-03 11:44:46.053881"]]
  ↳ db/seeds.rb:9
  [1m[35m (1.0ms)[0m  [1m[36mcommit transaction[0m
  ↳ db/seeds.rb:9
Started GET "/places" for ::1 at 2019-06-03 12:44:57 +0100
  [1m[35m (0.2ms)[0m  [1m[34mSELECT "schema_migrations"."version" FROM "schema_migrations" ORDER BY "schema_migrations"."version" ASC[0m
  ↳ /Users/oluwakunlefakorede/.rvm/rubies/ruby-2.5.1/lib/ruby/gems/2.5.0/gems/sprockets-rails-3.2.1/lib/sprockets/rails/quiet_assets.rb:13
Processing by PlacesController#index as HTML
  Rendering places/index.html.erb within layouts/application
  [1m[36mPlace Load (0.2ms)[0m  [1m[34mSELECT "places".* FROM "places"[0m
  ↳ app/views/places/index.html.erb:16
  Rendered places/index.html.erb within layouts/application (10.1ms)
Completed 200 OK in 290ms (Views: 276.2ms | ActiveRecord: 0.6ms)


Started GET "/places" for ::1 at 2019-06-03 12:45:58 +0100
  [1m[35m (0.3ms)[0m  [1m[34mSELECT "schema_migrations"."version" FROM "schema_migrations" ORDER BY "schema_migrations"."version" ASC[0m
  ↳ /Users/oluwakunlefakorede/.rvm/rubies/ruby-2.5.1/lib/ruby/gems/2.5.0/gems/sprockets-rails-3.2.1/lib/sprockets/rails/quiet_assets.rb:13
Processing by PlacesController#index as HTML
  Rendering places/index.html.erb within layouts/application
  [1m[36mPlace Load (0.2ms)[0m  [1m[34mSELECT "places".* FROM "places"[0m
  ↳ app/views/places/index.html.erb:16
  Rendered places/index.html.erb within layouts/application (9.0ms)
Completed 200 OK in 193ms (Views: 184.1ms | ActiveRecord: 0.6ms)


Started GET "/places" for ::1 at 2019-06-03 12:48:22 +0100
Processing by PlacesController#index as HTML
  Rendering places/index.html.erb within layouts/application
  [1m[36mPlace Load (0.2ms)[0m  [1m[34mSELECT "places".* FROM "places"[0m
  ↳ app/views/places/index.html.erb:16
  Rendered places/index.html.erb within layouts/application (3.0ms)
Completed 200 OK in 51ms (Views: 48.1ms | ActiveRecord: 0.2ms)


Started GET "/places" for ::1 at 2019-06-03 12:49:34 +0100
Processing by PlacesController#index as HTML
  Rendering places/index.html.erb within layouts/application
  [1m[36mPlace Load (0.2ms)[0m  [1m[34mSELECT "places".* FROM "places"[0m
  ↳ app/views/places/index.html.erb:16
  Rendered places/index.html.erb within layouts/application (6.3ms)
Completed 200 OK in 64ms (Views: 60.2ms | ActiveRecord: 0.2ms)


Started GET "/places" for ::1 at 2019-06-03 12:49:43 +0100
Processing by PlacesController#index as HTML
  Rendering places/index.html.erb within layouts/application
  [1m[36mPlace Load (0.1ms)[0m  [1m[34mSELECT "places".* FROM "places"[0m
  ↳ app/views/places/index.html.erb:16
  Rendered places/index.html.erb within layouts/application (1.8ms)
Completed 200 OK in 29ms (Views: 26.9ms | ActiveRecord: 0.1ms)


Started GET "/places" for ::1 at 2019-06-03 12:50:20 +0100
Processing by PlacesController#index as HTML
  Rendering places/index.html.erb within layouts/application
  [1m[36mPlace Load (0.2ms)[0m  [1m[34mSELECT "places".* FROM "places"[0m
  ↳ app/views/places/index.html.erb:16
  Rendered places/index.html.erb within layouts/application (3.4ms)
Completed 200 OK in 35ms (Views: 31.7ms | ActiveRecord: 0.2ms)


Started GET "/places" for ::1 at 2019-06-03 12:50:31 +0100
  [1m[35m (0.2ms)[0m  [1m[34mSELECT "schema_migrations"."version" FROM "schema_migrations" ORDER BY "schema_migrations"."version" ASC[0m
  ↳ /Users/oluwakunlefakorede/.rvm/rubies/ruby-2.5.1/lib/ruby/gems/2.5.0/gems/sprockets-rails-3.2.1/lib/sprockets/rails/quiet_assets.rb:13
Processing by PlacesController#index as HTML
  Rendering places/index.html.erb within layouts/application
  [1m[36mPlace Load (0.2ms)[0m  [1m[34mSELECT "places".* FROM "places"[0m
  ↳ app/views/places/index.html.erb:16
  Rendered places/index.html.erb within layouts/application (10.4ms)
Completed 200 OK in 206ms (Views: 197.9ms | ActiveRecord: 0.6ms)


Started GET "/places" for ::1 at 2019-06-03 12:53:31 +0100
Processing by PlacesController#index as HTML
  Rendering places/index.html.erb within layouts/application
  [1m[36mPlace Load (0.1ms)[0m  [1m[34mSELECT "places".* FROM "places"[0m
  ↳ app/views/places/index.html.erb:16
  Rendered places/index.html.erb within layouts/application (1.8ms)
Completed 200 OK in 50ms (Views: 46.5ms | ActiveRecord: 0.1ms)


Started GET "/places" for ::1 at 2019-06-03 12:53:37 +0100
Processing by PlacesController#index as HTML
  Rendering places/index.html.erb within layouts/application
  [1m[36mPlace Load (0.1ms)[0m  [1m[34mSELECT "places".* FROM "places"[0m
  ↳ app/views/places/index.html.erb:16
  Rendered places/index.html.erb within layouts/application (1.6ms)
Completed 200 OK in 24ms (Views: 20.6ms | ActiveRecord: 0.1ms)


Started GET "/places" for ::1 at 2019-06-03 12:53:54 +0100
  [1m[35m (0.2ms)[0m  [1m[34mSELECT "schema_migrations"."version" FROM "schema_migrations" ORDER BY "schema_migrations"."version" ASC[0m
  ↳ /Users/oluwakunlefakorede/.rvm/rubies/ruby-2.5.1/lib/ruby/gems/2.5.0/gems/sprockets-rails-3.2.1/lib/sprockets/rails/quiet_assets.rb:13
Processing by PlacesController#index as HTML
  Rendering places/index.html.erb within layouts/application
  [1m[36mPlace Load (0.2ms)[0m  [1m[34mSELECT "places".* FROM "places"[0m
  ↳ app/views/places/index.html.erb:16
  Rendered places/index.html.erb within layouts/application (20.6ms)
Completed 200 OK in 253ms (Views: 241.8ms | ActiveRecord: 0.7ms)


Started GET "/" for ::1 at 2019-06-03 12:54:43 +0100
Processing by Rails::WelcomeController#index as HTML
  Rendering /Users/oluwakunlefakorede/.rvm/gems/ruby-2.5.1/gems/railties-5.2.3/lib/rails/templates/rails/welcome/index.html.erb
  Rendered /Users/oluwakunlefakorede/.rvm/gems/ruby-2.5.1/gems/railties-5.2.3/lib/rails/templates/rails/welcome/index.html.erb (2.0ms)
Completed 200 OK in 10ms (Views: 5.4ms | ActiveRecord: 0.0ms)


Started GET "/places" for ::1 at 2019-06-03 12:54:48 +0100
Processing by PlacesController#index as HTML
  Rendering places/index.html.erb within layouts/application
  [1m[36mPlace Load (0.4ms)[0m  [1m[34mSELECT "places".* FROM "places"[0m
  ↳ app/views/places/index.html.erb:16
  Rendered places/index.html.erb within layouts/application (3.3ms)
Completed 200 OK in 32ms (Views: 28.6ms | ActiveRecord: 0.4ms)


Started GET "/places" for ::1 at 2019-06-03 12:55:35 +0100
Processing by PlacesController#index as HTML
  Rendering places/index.html.erb within layouts/application
  [1m[36mPlace Load (0.2ms)[0m  [1m[34mSELECT "places".* FROM "places"[0m
  ↳ app/views/places/index.html.erb:16
  Rendered places/index.html.erb within layouts/application (2.4ms)
Completed 200 OK in 32ms (Views: 27.9ms | ActiveRecord: 0.2ms)


Started GET "/places/1" for ::1 at 2019-06-03 12:55:42 +0100
Processing by PlacesController#show as HTML
  Parameters: {"id"=>"1"}
  [1m[36mPlace Load (0.4ms)[0m  [1m[34mSELECT  "places".* FROM "places" WHERE "places"."id" = ? LIMIT ?[0m  [["id", 1], ["LIMIT", 1]]
  ↳ app/controllers/places_controller.rb:67
  Rendering places/show.html.erb within layouts/application
  Rendered places/show.html.erb within layouts/application (1.2ms)
Completed 200 OK in 54ms (Views: 31.9ms | ActiveRecord: 0.4ms)


Started GET "/places/1" for ::1 at 2019-06-03 12:55:54 +0100
Processing by PlacesController#show as HTML
  Parameters: {"id"=>"1"}
  [1m[36mPlace Load (0.1ms)[0m  [1m[34mSELECT  "places".* FROM "places" WHERE "places"."id" = ? LIMIT ?[0m  [["id", 1], ["LIMIT", 1]]
  ↳ app/controllers/places_controller.rb:67
  Rendering places/show.html.erb within layouts/application
  Rendered places/show.html.erb within layouts/application (1.6ms)
Completed 200 OK in 51ms (Views: 45.3ms | ActiveRecord: 0.1ms)


Started GET "/places/1" for ::1 at 2019-06-03 12:56:05 +0100
Processing by PlacesController#show as HTML
  Parameters: {"id"=>"1"}
  [1m[36mPlace Load (0.2ms)[0m  [1m[34mSELECT  "places".* FROM "places" WHERE "places"."id" = ? LIMIT ?[0m  [["id", 1], ["LIMIT", 1]]
  ↳ app/controllers/places_controller.rb:67
  Rendering places/show.html.erb within layouts/application
  Rendered places/show.html.erb within layouts/application (0.8ms)
Completed 200 OK in 32ms (Views: 28.3ms | ActiveRecord: 0.2ms)


Started GET "/places" for ::1 at 2019-06-03 12:56:29 +0100
Processing by PlacesController#index as HTML
  Rendering places/index.html.erb within layouts/application
  [1m[36mPlace Load (0.2ms)[0m  [1m[34mSELECT "places".* FROM "places"[0m
  ↳ app/views/places/index.html.erb:16
  Rendered places/index.html.erb within layouts/application (4.0ms)
Completed 200 OK in 45ms (Views: 41.6ms | ActiveRecord: 0.2ms)


Started GET "/places/3" for ::1 at 2019-06-03 12:56:31 +0100
Processing by PlacesController#show as HTML
  Parameters: {"id"=>"3"}
  [1m[36mPlace Load (0.1ms)[0m  [1m[34mSELECT  "places".* FROM "places" WHERE "places"."id" = ? LIMIT ?[0m  [["id", 3], ["LIMIT", 1]]
  ↳ app/controllers/places_controller.rb:67
  Rendering places/show.html.erb within layouts/application
  Rendered places/show.html.erb within layouts/application (1.1ms)
Completed 200 OK in 68ms (Views: 53.5ms | ActiveRecord: 0.1ms)


Started GET "/places/3" for ::1 at 2019-06-03 12:56:35 +0100
Processing by PlacesController#show as HTML
  Parameters: {"id"=>"3"}
  [1m[36mPlace Load (0.1ms)[0m  [1m[34mSELECT  "places".* FROM "places" WHERE "places"."id" = ? LIMIT ?[0m  [["id", 3], ["LIMIT", 1]]
  ↳ app/controllers/places_controller.rb:67
  Rendering places/show.html.erb within layouts/application
  Rendered places/show.html.erb within layouts/application (0.8ms)
Completed 200 OK in 36ms (Views: 30.7ms | ActiveRecord: 0.1ms)


Started GET "/places/3" for ::1 at 2019-06-03 12:58:45 +0100
Processing by PlacesController#show as HTML
  Parameters: {"id"=>"3"}
  [1m[36mPlace Load (0.1ms)[0m  [1m[34mSELECT  "places".* FROM "places" WHERE "places"."id" = ? LIMIT ?[0m  [["id", 3], ["LIMIT", 1]]
  ↳ app/controllers/places_controller.rb:67
  Rendering places/show.html.erb within layouts/application
  Rendered places/show.html.erb within layouts/application (1.7ms)
Completed 200 OK in 36ms (Views: 30.9ms | ActiveRecord: 0.1ms)


Started GET "/places/3" for ::1 at 2019-06-03 12:58:50 +0100
Processing by PlacesController#show as HTML
  Parameters: {"id"=>"3"}
  [1m[36mPlace Load (0.1ms)[0m  [1m[34mSELECT  "places".* FROM "places" WHERE "places"."id" = ? LIMIT ?[0m  [["id", 3], ["LIMIT", 1]]
  ↳ app/controllers/places_controller.rb:67
  Rendering places/show.html.erb within layouts/application
  Rendered places/show.html.erb within layouts/application (0.8ms)
Completed 200 OK in 29ms (Views: 26.1ms | ActiveRecord: 0.1ms)


Started GET "/places/3" for ::1 at 2019-06-03 13:00:06 +0100
Processing by PlacesController#show as HTML
  Parameters: {"id"=>"3"}
  [1m[36mPlace Load (0.1ms)[0m  [1m[34mSELECT  "places".* FROM "places" WHERE "places"."id" = ? LIMIT ?[0m  [["id", 3], ["LIMIT", 1]]
  ↳ app/controllers/places_controller.rb:67
  Rendering places/show.html.erb within layouts/application
  Rendered places/show.html.erb within layouts/application (1.2ms)
Completed 200 OK in 94ms (Views: 89.2ms | ActiveRecord: 0.1ms)


Started GET "/places" for ::1 at 2019-06-03 13:00:37 +0100
Processing by PlacesController#index as HTML
  Rendering places/index.html.erb within layouts/application
  [1m[36mPlace Load (0.1ms)[0m  [1m[34mSELECT "places".* FROM "places"[0m
  ↳ app/views/places/index.html.erb:16
  Rendered places/index.html.erb within layouts/application (2.0ms)
Completed 200 OK in 28ms (Views: 25.0ms | ActiveRecord: 0.1ms)


Started GET "/places/3" for ::1 at 2019-06-03 13:00:42 +0100
Processing by PlacesController#show as HTML
  Parameters: {"id"=>"3"}
  [1m[36mPlace Load (0.1ms)[0m  [1m[34mSELECT  "places".* FROM "places" WHERE "places"."id" = ? LIMIT ?[0m  [["id", 3], ["LIMIT", 1]]
  ↳ app/controllers/places_controller.rb:67
  Rendering places/show.html.erb within layouts/application
  Rendered places/show.html.erb within layouts/application (1.0ms)
Completed 200 OK in 45ms (Views: 40.7ms | ActiveRecord: 0.1ms)


Started GET "/places/3" for ::1 at 2019-06-03 13:00:51 +0100
Processing by PlacesController#show as HTML
  Parameters: {"id"=>"3"}
  [1m[36mPlace Load (0.2ms)[0m  [1m[34mSELECT  "places".* FROM "places" WHERE "places"."id" = ? LIMIT ?[0m  [["id", 3], ["LIMIT", 1]]
  ↳ app/controllers/places_controller.rb:67
  Rendering places/show.html.erb within layouts/application
  Rendered places/show.html.erb within layouts/application (0.9ms)
Completed 200 OK in 29ms (Views: 24.7ms | ActiveRecord: 0.2ms)


Started GET "/places" for ::1 at 2019-06-03 13:02:18 +0100
Processing by PlacesController#index as HTML
  Rendering places/index.html.erb within layouts/application
  [1m[36mPlace Load (0.2ms)[0m  [1m[34mSELECT "places".* FROM "places"[0m
  ↳ app/views/places/index.html.erb:16
  Rendered places/index.html.erb within layouts/application (17.8ms)
Completed 200 OK in 65ms (Views: 59.9ms | ActiveRecord: 0.2ms)


Started GET "/places" for ::1 at 2019-06-03 13:02:20 +0100
Processing by PlacesController#index as HTML
  Rendering places/index.html.erb within layouts/application
  [1m[36mPlace Load (0.1ms)[0m  [1m[34mSELECT "places".* FROM "places"[0m
  ↳ app/views/places/index.html.erb:16
  Rendered places/index.html.erb within layouts/application (1.7ms)
Completed 200 OK in 27ms (Views: 24.5ms | ActiveRecord: 0.1ms)


Started GET "/places/3" for ::1 at 2019-06-03 13:02:22 +0100
Processing by PlacesController#show as HTML
  Parameters: {"id"=>"3"}
  [1m[36mPlace Load (0.1ms)[0m  [1m[34mSELECT  "places".* FROM "places" WHERE "places"."id" = ? LIMIT ?[0m  [["id", 3], ["LIMIT", 1]]
  ↳ app/controllers/places_controller.rb:67
  Rendering places/show.html.erb within layouts/application
  Rendered places/show.html.erb within layouts/application (1.2ms)
Completed 200 OK in 38ms (Views: 33.3ms | ActiveRecord: 0.1ms)


Started GET "/places/3" for ::1 at 2019-06-03 13:02:22 +0100
Processing by PlacesController#show as HTML
  Parameters: {"id"=>"3"}
  [1m[36mPlace Load (0.1ms)[0m  [1m[34mSELECT  "places".* FROM "places" WHERE "places"."id" = ? LIMIT ?[0m  [["id", 3], ["LIMIT", 1]]
  ↳ app/controllers/places_controller.rb:67
  Rendering places/show.html.erb within layouts/application
  Rendered places/show.html.erb within layouts/application (1.0ms)
Completed 200 OK in 27ms (Views: 24.3ms | ActiveRecord: 0.1ms)


Started GET "/places" for ::1 at 2019-06-03 13:02:25 +0100
Processing by PlacesController#index as HTML
  Rendering places/index.html.erb within layouts/application
  [1m[36mPlace Load (0.2ms)[0m  [1m[34mSELECT "places".* FROM "places"[0m
  ↳ app/views/places/index.html.erb:16
  Rendered places/index.html.erb within layouts/application (2.9ms)
Completed 200 OK in 44ms (Views: 40.2ms | ActiveRecord: 0.2ms)


Started GET "/places/2" for ::1 at 2019-06-03 13:02:27 +0100
Processing by PlacesController#show as HTML
  Parameters: {"id"=>"2"}
  [1m[36mPlace Load (0.2ms)[0m  [1m[34mSELECT  "places".* FROM "places" WHERE "places"."id" = ? LIMIT ?[0m  [["id", 2], ["LIMIT", 1]]
  ↳ app/controllers/places_controller.rb:67
  Rendering places/show.html.erb within layouts/application
  Rendered places/show.html.erb within layouts/application (0.8ms)
Completed 200 OK in 25ms (Views: 22.1ms | ActiveRecord: 0.2ms)


Started GET "/places/2" for ::1 at 2019-06-03 13:02:27 +0100
Processing by PlacesController#show as HTML
  Parameters: {"id"=>"2"}
  [1m[36mPlace Load (0.1ms)[0m  [1m[34mSELECT  "places".* FROM "places" WHERE "places"."id" = ? LIMIT ?[0m  [["id", 2], ["LIMIT", 1]]
  ↳ app/controllers/places_controller.rb:67
  Rendering places/show.html.erb within layouts/application
  Rendered places/show.html.erb within layouts/application (0.8ms)
Completed 200 OK in 27ms (Views: 22.5ms | ActiveRecord: 0.1ms)


Started GET "/" for ::1 at 2019-06-03 13:59:26 +0100
Processing by Rails::WelcomeController#index as HTML
  Rendering /Users/oluwakunlefakorede/.rvm/gems/ruby-2.5.1/gems/railties-5.2.3/lib/rails/templates/rails/welcome/index.html.erb
  Rendered /Users/oluwakunlefakorede/.rvm/gems/ruby-2.5.1/gems/railties-5.2.3/lib/rails/templates/rails/welcome/index.html.erb (4.5ms)
Completed 200 OK in 14ms (Views: 9.5ms | ActiveRecord: 0.0ms)


Started GET "/places" for ::1 at 2019-06-03 13:59:31 +0100
Processing by PlacesController#index as HTML
  Rendering places/index.html.erb within layouts/application
  [1m[36mPlace Load (0.5ms)[0m  [1m[34mSELECT "places".* FROM "places"[0m
  ↳ app/views/places/index.html.erb:16
  Rendered places/index.html.erb within layouts/application (2.3ms)
Completed 200 OK in 81ms (Views: 77.2ms | ActiveRecord: 0.5ms)


Started GET "/places/2" for ::1 at 2019-06-03 13:59:33 +0100
Processing by PlacesController#show as HTML
  Parameters: {"id"=>"2"}
  [1m[36mPlace Load (0.2ms)[0m  [1m[34mSELECT  "places".* FROM "places" WHERE "places"."id" = ? LIMIT ?[0m  [["id", 2], ["LIMIT", 1]]
  ↳ app/controllers/places_controller.rb:67
  Rendering places/show.html.erb within layouts/application
  Rendered places/show.html.erb within layouts/application (2.5ms)
Completed 200 OK in 48ms (Views: 44.8ms | ActiveRecord: 0.2ms)


Started GET "/places/2" for ::1 at 2019-06-03 13:59:33 +0100
Processing by PlacesController#show as HTML
  Parameters: {"id"=>"2"}
  [1m[36mPlace Load (0.1ms)[0m  [1m[34mSELECT  "places".* FROM "places" WHERE "places"."id" = ? LIMIT ?[0m  [["id", 2], ["LIMIT", 1]]
  ↳ app/controllers/places_controller.rb:67
  Rendering places/show.html.erb within layouts/application
  Rendered places/show.html.erb within layouts/application (0.8ms)
Completed 200 OK in 32ms (Views: 27.9ms | ActiveRecord: 0.1ms)


Started GET "/places/2" for ::1 at 2019-06-03 13:59:36 +0100
Processing by PlacesController#show as HTML
  Parameters: {"id"=>"2"}
  [1m[36mPlace Load (0.1ms)[0m  [1m[34mSELECT  "places".* FROM "places" WHERE "places"."id" = ? LIMIT ?[0m  [["id", 2], ["LIMIT", 1]]
  ↳ app/controllers/places_controller.rb:67
  Rendering places/show.html.erb within layouts/application
  Rendered places/show.html.erb within layouts/application (0.7ms)
Completed 200 OK in 31ms (Views: 27.0ms | ActiveRecord: 0.1ms)


Started GET "/places/2" for ::1 at 2019-06-03 13:59:49 +0100
Processing by PlacesController#show as HTML
  Parameters: {"id"=>"2"}
  [1m[36mPlace Load (0.2ms)[0m  [1m[34mSELECT  "places".* FROM "places" WHERE "places"."id" = ? LIMIT ?[0m  [["id", 2], ["LIMIT", 1]]
  ↳ app/controllers/places_controller.rb:67
  Rendering places/show.html.erb within layouts/application
  Rendered places/show.html.erb within layouts/application (0.9ms)
Completed 200 OK in 72ms (Views: 66.4ms | ActiveRecord: 0.2ms)


Started GET "/places/2" for ::1 at 2019-06-03 13:59:51 +0100
Processing by PlacesController#show as HTML
  Parameters: {"id"=>"2"}
  [1m[36mPlace Load (0.1ms)[0m  [1m[34mSELECT  "places".* FROM "places" WHERE "places"."id" = ? LIMIT ?[0m  [["id", 2], ["LIMIT", 1]]
  ↳ app/controllers/places_controller.rb:67
  Rendering places/show.html.erb within layouts/application
  Rendered places/show.html.erb within layouts/application (0.8ms)
Completed 200 OK in 26ms (Views: 21.9ms | ActiveRecord: 0.1ms)


Started GET "/places/2" for ::1 at 2019-06-03 13:59:58 +0100
Processing by PlacesController#show as HTML
  Parameters: {"id"=>"2"}
  [1m[36mPlace Load (0.2ms)[0m  [1m[34mSELECT  "places".* FROM "places" WHERE "places"."id" = ? LIMIT ?[0m  [["id", 2], ["LIMIT", 1]]
  ↳ app/controllers/places_controller.rb:67
  Rendering places/show.html.erb within layouts/application
  Rendered places/show.html.erb within layouts/application (0.7ms)
Completed 200 OK in 65ms (Views: 59.3ms | ActiveRecord: 0.2ms)


Started GET "/places/2" for ::1 at 2019-06-03 14:03:01 +0100
Processing by PlacesController#show as HTML
  Parameters: {"id"=>"2"}
  [1m[36mPlace Load (0.2ms)[0m  [1m[34mSELECT  "places".* FROM "places" WHERE "places"."id" = ? LIMIT ?[0m  [["id", 2], ["LIMIT", 1]]
  ↳ app/controllers/places_controller.rb:67
  Rendering places/show.html.erb within layouts/application
  Rendered places/show.html.erb within layouts/application (2.5ms)
Completed 200 OK in 64ms (Views: 59.2ms | ActiveRecord: 0.2ms)


Started GET "/places/2" for ::1 at 2019-06-03 14:13:29 +0100
Processing by PlacesController#show as HTML
  Parameters: {"id"=>"2"}
  [1m[36mPlace Load (0.7ms)[0m  [1m[34mSELECT  "places".* FROM "places" WHERE "places"."id" = ? LIMIT ?[0m  [["id", 2], ["LIMIT", 1]]
  ↳ app/controllers/places_controller.rb:67
  Rendering places/show.html.erb within layouts/application
  Rendered places/show.html.erb within layouts/application (0.8ms)
Completed 200 OK in 100ms (Views: 90.9ms | ActiveRecord: 0.7ms)


Started GET "/places/2" for ::1 at 2019-06-03 14:36:41 +0100
Processing by PlacesController#show as HTML
  Parameters: {"id"=>"2"}
  [1m[36mPlace Load (0.7ms)[0m  [1m[34mSELECT  "places".* FROM "places" WHERE "places"."id" = ? LIMIT ?[0m  [["id", 2], ["LIMIT", 1]]
  ↳ app/controllers/places_controller.rb:67
  Rendering places/show.html.erb within layouts/application
  Rendered places/show.html.erb within layouts/application (1.0ms)
Completed 200 OK in 88ms (Views: 82.4ms | ActiveRecord: 0.7ms)


Started GET "/places/2" for ::1 at 2019-06-03 14:36:46 +0100
Processing by PlacesController#show as HTML
  Parameters: {"id"=>"2"}
  [1m[36mPlace Load (0.1ms)[0m  [1m[34mSELECT  "places".* FROM "places" WHERE "places"."id" = ? LIMIT ?[0m  [["id", 2], ["LIMIT", 1]]
  ↳ app/controllers/places_controller.rb:67
  Rendering places/show.html.erb within layouts/application
  Rendered places/show.html.erb within layouts/application (1.6ms)
Completed 200 OK in 34ms (Views: 31.0ms | ActiveRecord: 0.1ms)


Started GET "/places/new" for ::1 at 2019-06-03 14:36:53 +0100
Processing by PlacesController#new as HTML
  Rendering places/new.html.erb within layouts/application
  Rendered places/_form.html.erb (55.0ms)
  Rendered places/new.html.erb within layouts/application (58.1ms)
Completed 200 OK in 84ms (Views: 78.8ms | ActiveRecord: 0.0ms)


Started GET "/places/new" for ::1 at 2019-06-03 14:36:56 +0100
Processing by PlacesController#new as HTML
  Rendering places/new.html.erb within layouts/application
  Rendered places/_form.html.erb (1.8ms)
  Rendered places/new.html.erb within layouts/application (3.7ms)
Completed 200 OK in 30ms (Views: 27.0ms | ActiveRecord: 0.0ms)


Started GET "/places/new" for ::1 at 2019-06-03 14:42:59 +0100
Processing by PlacesController#new as HTML
  Rendering places/new.html.erb within layouts/application
  Rendered places/_form.html.erb (2.6ms)
  Rendered places/new.html.erb within layouts/application (11.7ms)
Completed 200 OK in 92ms (Views: 88.3ms | ActiveRecord: 0.0ms)


Started GET "/places/new" for ::1 at 2019-06-03 14:43:59 +0100
Processing by PlacesController#new as HTML
  Rendering places/new.html.erb within layouts/application
  Rendered places/_form.html.erb (3.8ms)
  Rendered places/new.html.erb within layouts/application (13.0ms)
Completed 200 OK in 120ms (Views: 114.2ms | ActiveRecord: 0.0ms)


Started GET "/places/new" for ::1 at 2019-06-03 14:44:01 +0100
Processing by PlacesController#new as HTML
  Rendering places/new.html.erb within layouts/application
  Rendered places/_form.html.erb (2.5ms)
  Rendered places/new.html.erb within layouts/application (9.7ms)
Completed 200 OK in 40ms (Views: 36.5ms | ActiveRecord: 0.0ms)


Started GET "/places/new" for ::1 at 2019-06-03 14:44:16 +0100
Processing by PlacesController#new as HTML
  Rendering places/new.html.erb within layouts/application
  Rendered places/_form.html.erb (2.2ms)
  Rendered places/new.html.erb within layouts/application (6.4ms)
Completed 200 OK in 53ms (Views: 48.6ms | ActiveRecord: 0.0ms)


Started GET "/places/new" for ::1 at 2019-06-03 14:46:16 +0100
Processing by PlacesController#new as HTML
  Rendering places/new.html.erb within layouts/application
  Rendered places/_form.html.erb (4.5ms)
  Rendered places/new.html.erb within layouts/application (10.2ms)
Completed 200 OK in 86ms (Views: 81.6ms | ActiveRecord: 0.0ms)


Started GET "/places/new" for ::1 at 2019-06-03 14:47:27 +0100
Processing by PlacesController#new as HTML
  Rendering places/new.html.erb within layouts/application
  Rendered places/_form.html.erb (2.8ms)
  Rendered places/new.html.erb within layouts/application (6.0ms)
Completed 200 OK in 90ms (Views: 86.5ms | ActiveRecord: 0.0ms)


Started GET "/places/new" for ::1 at 2019-06-03 14:47:29 +0100
Processing by PlacesController#new as HTML
  Rendering places/new.html.erb within layouts/application
  Rendered places/_form.html.erb (2.3ms)
  Rendered places/new.html.erb within layouts/application (4.5ms)
Completed 200 OK in 41ms (Views: 38.3ms | ActiveRecord: 0.0ms)


Started GET "/places/new" for ::1 at 2019-06-03 14:47:51 +0100
Processing by PlacesController#new as HTML
  Rendering places/new.html.erb within layouts/application
  Rendered places/_form.html.erb (2.5ms)
  Rendered places/new.html.erb within layouts/application (5.1ms)
Completed 200 OK in 69ms (Views: 63.2ms | ActiveRecord: 0.0ms)


Started POST "/places" for ::1 at 2019-06-03 14:53:18 +0100
Processing by PlacesController#create as HTML
  Parameters: {"utf8"=>"✓", "authenticity_token"=>"U8BBrfgtshSeYOjE8dOGxR4xo4lnKMcOhjHZ7pmn/Mh1AGADPCdyJyA0GuB6UDsq5CQhbNjQZlZdcbtoCcTcAg==", "place"=>{"name"=>"Epic Tower", "latitude"=>"6.556272", "logitude"=>"3.366405"}, "commit"=>"Create Place"}
  [1m[35m (0.1ms)[0m  [1m[36mbegin transaction[0m
  ↳ app/controllers/places_controller.rb:30
  [1m[36mPlace Create (2.0ms)[0m  [1m[32mINSERT INTO "places" ("name", "latitude", "logitude", "created_at", "updated_at") VALUES (?, ?, ?, ?, ?)[0m  [["name", "Epic Tower"], ["latitude", 6.556272], ["logitude", 3.366405], ["created_at", "2019-06-03 13:53:18.303925"], ["updated_at", "2019-06-03 13:53:18.303925"]]
  ↳ app/controllers/places_controller.rb:30
  [1m[35m (1.8ms)[0m  [1m[36mcommit transaction[0m
  ↳ app/controllers/places_controller.rb:30
Redirected to http://localhost:3000/places/4
Completed 302 Found in 12ms (ActiveRecord: 3.9ms)


Started GET "/places/4" for ::1 at 2019-06-03 14:53:18 +0100
Processing by PlacesController#show as HTML
  Parameters: {"id"=>"4"}
  [1m[36mPlace Load (0.3ms)[0m  [1m[34mSELECT  "places".* FROM "places" WHERE "places"."id" = ? LIMIT ?[0m  [["id", 4], ["LIMIT", 1]]
  ↳ app/controllers/places_controller.rb:67
  Rendering places/show.html.erb within layouts/application
  Rendered places/show.html.erb within layouts/application (1.2ms)
Completed 200 OK in 43ms (Views: 38.8ms | ActiveRecord: 0.3ms)


Started GET "/places/4" for ::1 at 2019-06-03 14:56:22 +0100
Processing by PlacesController#show as HTML
  Parameters: {"id"=>"4"}
  [1m[36mPlace Load (0.2ms)[0m  [1m[34mSELECT  "places".* FROM "places" WHERE "places"."id" = ? LIMIT ?[0m  [["id", 4], ["LIMIT", 1]]
  ↳ app/controllers/places_controller.rb:67
  Rendering places/show.html.erb within layouts/application
  Rendered places/show.html.erb within layouts/application (1.3ms)
Completed 200 OK in 72ms (Views: 67.9ms | ActiveRecord: 0.2ms)


Started GET "/places" for ::1 at 2019-06-03 14:56:27 +0100
Processing by PlacesController#index as HTML
  Rendering places/index.html.erb within layouts/application
  [1m[36mPlace Load (0.2ms)[0m  [1m[34mSELECT "places".* FROM "places"[0m
  ↳ app/views/places/index.html.erb:16
  Rendered places/index.html.erb within layouts/application (2.3ms)
Completed 200 OK in 41ms (Views: 37.0ms | ActiveRecord: 0.2ms)


Started GET "/places/4" for ::1 at 2019-06-03 14:56:33 +0100
Processing by PlacesController#show as HTML
  Parameters: {"id"=>"4"}
  [1m[36mPlace Load (0.1ms)[0m  [1m[34mSELECT  "places".* FROM "places" WHERE "places"."id" = ? LIMIT ?[0m  [["id", 4], ["LIMIT", 1]]
  ↳ app/controllers/places_controller.rb:67
  Rendering places/show.html.erb within layouts/application
  Rendered places/show.html.erb within layouts/application (1.1ms)
Completed 200 OK in 41ms (Views: 36.3ms | ActiveRecord: 0.1ms)


Started GET "/places/4" for ::1 at 2019-06-03 14:56:34 +0100
Processing by PlacesController#show as HTML
  Parameters: {"id"=>"4"}
  [1m[36mPlace Load (0.2ms)[0m  [1m[34mSELECT  "places".* FROM "places" WHERE "places"."id" = ? LIMIT ?[0m  [["id", 4], ["LIMIT", 1]]
  ↳ app/controllers/places_controller.rb:67
  Rendering places/show.html.erb within layouts/application
  Rendered places/show.html.erb within layouts/application (0.9ms)
Completed 200 OK in 30ms (Views: 27.2ms | ActiveRecord: 0.2ms)


Started GET "/places" for ::1 at 2019-06-03 14:56:38 +0100
Processing by PlacesController#index as HTML
  Rendering places/index.html.erb within layouts/application
  [1m[36mPlace Load (0.2ms)[0m  [1m[34mSELECT "places".* FROM "places"[0m
  ↳ app/views/places/index.html.erb:16
  Rendered places/index.html.erb within layouts/application (3.3ms)
Completed 200 OK in 47ms (Views: 41.7ms | ActiveRecord: 0.2ms)


Started GET "/places" for ::1 at 2019-06-03 14:57:25 +0100
Processing by PlacesController#index as HTML
  Rendering places/index.html.erb within layouts/application
  [1m[36mPlace Load (0.1ms)[0m  [1m[34mSELECT "places".* FROM "places"[0m
  ↳ app/views/places/index.html.erb:16
  Rendered places/index.html.erb within layouts/application (2.5ms)
Completed 200 OK in 79ms (Views: 75.4ms | ActiveRecord: 0.1ms)


Started GET "/places/4" for ::1 at 2019-06-03 14:57:28 +0100
Processing by PlacesController#show as HTML
  Parameters: {"id"=>"4"}
  [1m[36mPlace Load (0.2ms)[0m  [1m[34mSELECT  "places".* FROM "places" WHERE "places"."id" = ? LIMIT ?[0m  [["id", 4], ["LIMIT", 1]]
  ↳ app/controllers/places_controller.rb:67
  Rendering places/show.html.erb within layouts/application
  Rendered places/show.html.erb within layouts/application (1.1ms)
Completed 200 OK in 41ms (Views: 35.8ms | ActiveRecord: 0.2ms)


Started GET "/places/4" for ::1 at 2019-06-03 14:57:28 +0100
Processing by PlacesController#show as HTML
  Parameters: {"id"=>"4"}
  [1m[36mPlace Load (0.1ms)[0m  [1m[34mSELECT  "places".* FROM "places" WHERE "places"."id" = ? LIMIT ?[0m  [["id", 4], ["LIMIT", 1]]
  ↳ app/controllers/places_controller.rb:67
  Rendering places/show.html.erb within layouts/application
  Rendered places/show.html.erb within layouts/application (0.9ms)
Completed 200 OK in 37ms (Views: 32.4ms | ActiveRecord: 0.1ms)


  [1m[35m (642.7ms)[0m  [1m[35mCREATE DATABASE "goorails-dev" ENCODING = 'unicode'[0m
  ↳ bin/rails:9
  [1m[35m (448.5ms)[0m  [1m[35mCREATE DATABASE "goorails-test" ENCODING = 'unicode'[0m
  ↳ bin/rails:9
  [1m[35m (0.9ms)[0m  [1m[35mDROP TABLE IF EXISTS "places" CASCADE[0m
  ↳ db/schema.rb:15
  [1m[35m (24.6ms)[0m  [1m[35mCREATE TABLE "places" ("id" bigserial primary key, "name" character varying, "latitude" decimal, "logitude" decimal, "created_at" timestamp NOT NULL, "updated_at" timestamp NOT NULL)[0m
  ↳ db/schema.rb:15
  [1m[35m (4.7ms)[0m  [1m[35mCREATE TABLE "schema_migrations" ("version" character varying NOT NULL PRIMARY KEY)[0m
  ↳ db/schema.rb:13
  [1m[35m (0.4ms)[0m  [1m[34mSELECT "schema_migrations"."version" FROM "schema_migrations" ORDER BY "schema_migrations"."version" ASC[0m
  ↳ db/schema.rb:13
  [1m[35m (2.0ms)[0m  [1m[32mINSERT INTO "schema_migrations" (version) VALUES (20190603114013)[0m
  ↳ db/schema.rb:13
  [1m[35m (4.8ms)[0m  [1m[35mCREATE TABLE "ar_internal_metadata" ("key" character varying NOT NULL PRIMARY KEY, "value" character varying, "created_at" timestamp NOT NULL, "updated_at" timestamp NOT NULL)[0m
  ↳ db/schema.rb:13
  [1m[36mActiveRecord::InternalMetadata Load (0.3ms)[0m  [1m[34mSELECT  "ar_internal_metadata".* FROM "ar_internal_metadata" WHERE "ar_internal_metadata"."key" = $1 LIMIT $2[0m  [["key", "environment"], ["LIMIT", 1]]
  ↳ db/schema.rb:13
  [1m[35m (0.6ms)[0m  [1m[35mBEGIN[0m
  ↳ db/schema.rb:13
  [1m[36mActiveRecord::InternalMetadata Create (1.0ms)[0m  [1m[32mINSERT INTO "ar_internal_metadata" ("key", "value", "created_at", "updated_at") VALUES ($1, $2, $3, $4) RETURNING "key"[0m  [["key", "environment"], ["value", "development"], ["created_at", "2019-06-03 14:15:44.412687"], ["updated_at", "2019-06-03 14:15:44.412687"]]
  ↳ db/schema.rb:13
  [1m[35m (0.6ms)[0m  [1m[35mCOMMIT[0m
  ↳ db/schema.rb:13
  [1m[36mActiveRecord::InternalMetadata Load (0.3ms)[0m  [1m[34mSELECT  "ar_internal_metadata".* FROM "ar_internal_metadata" WHERE "ar_internal_metadata"."key" = $1 LIMIT $2[0m  [["key", "environment"], ["LIMIT", 1]]
  ↳ bin/rails:9
  [1m[35m (0.2ms)[0m  [1m[35mBEGIN[0m
  ↳ bin/rails:9
  [1m[35m (0.1ms)[0m  [1m[35mCOMMIT[0m
  ↳ bin/rails:9
  [1m[35m (0.3ms)[0m  [1m[35mDROP TABLE IF EXISTS "places" CASCADE[0m
  ↳ db/schema.rb:15
  [1m[35m (11.4ms)[0m  [1m[35mCREATE TABLE "places" ("id" bigserial primary key, "name" character varying, "latitude" decimal, "logitude" decimal, "created_at" timestamp NOT NULL, "updated_at" timestamp NOT NULL)[0m
  ↳ db/schema.rb:15
  [1m[35m (5.3ms)[0m  [1m[35mCREATE TABLE "schema_migrations" ("version" character varying NOT NULL PRIMARY KEY)[0m
  ↳ db/schema.rb:13
  [1m[35m (0.5ms)[0m  [1m[34mSELECT "schema_migrations"."version" FROM "schema_migrations" ORDER BY "schema_migrations"."version" ASC[0m
  ↳ db/schema.rb:13
  [1m[35m (0.8ms)[0m  [1m[32mINSERT INTO "schema_migrations" (version) VALUES (20190603114013)[0m
  ↳ db/schema.rb:13
  [1m[35m (3.6ms)[0m  [1m[35mCREATE TABLE "ar_internal_metadata" ("key" character varying NOT NULL PRIMARY KEY, "value" character varying, "created_at" timestamp NOT NULL, "updated_at" timestamp NOT NULL)[0m
  ↳ db/schema.rb:13
  [1m[36mActiveRecord::InternalMetadata Load (0.5ms)[0m  [1m[34mSELECT  "ar_internal_metadata".* FROM "ar_internal_metadata" WHERE "ar_internal_metadata"."key" = $1 LIMIT $2[0m  [["key", "environment"], ["LIMIT", 1]]
  ↳ db/schema.rb:13
  [1m[35m (0.2ms)[0m  [1m[35mBEGIN[0m
  ↳ db/schema.rb:13
  [1m[36mActiveRecord::InternalMetadata Create (2.0ms)[0m  [1m[32mINSERT INTO "ar_internal_metadata" ("key", "value", "created_at", "updated_at") VALUES ($1, $2, $3, $4) RETURNING "key"[0m  [["key", "environment"], ["value", "development"], ["created_at", "2019-06-03 14:15:44.473691"], ["updated_at", "2019-06-03 14:15:44.473691"]]
  ↳ db/schema.rb:13
  [1m[35m (1.0ms)[0m  [1m[35mCOMMIT[0m
  ↳ db/schema.rb:13
  [1m[36mActiveRecord::InternalMetadata Load (0.3ms)[0m  [1m[34mSELECT  "ar_internal_metadata".* FROM "ar_internal_metadata" WHERE "ar_internal_metadata"."key" = $1 LIMIT $2[0m  [["key", "environment"], ["LIMIT", 1]]
  ↳ bin/rails:9
  [1m[35m (0.1ms)[0m  [1m[35mBEGIN[0m
  ↳ bin/rails:9
  [1m[36mActiveRecord::InternalMetadata Update (0.4ms)[0m  [1m[33mUPDATE "ar_internal_metadata" SET "value" = $1, "updated_at" = $2 WHERE "ar_internal_metadata"."key" = $3[0m  [["value", "test"], ["updated_at", "2019-06-03 14:15:44.482145"], ["key", "environment"]]
  ↳ bin/rails:9
  [1m[35m (0.5ms)[0m  [1m[35mCOMMIT[0m
  ↳ bin/rails:9
  [1m[35m (0.5ms)[0m  [1m[34mSELECT "schema_migrations"."version" FROM "schema_migrations" ORDER BY "schema_migrations"."version" ASC[0m
  ↳ bin/rails:9
  [1m[35m (0.2ms)[0m  [1m[35mBEGIN[0m
  ↳ db/seeds.rb:9
  [1m[36mPlace Create (2.1ms)[0m  [1m[32mINSERT INTO "places" ("name", "latitude", "logitude", "created_at", "updated_at") VALUES ($1, $2, $3, $4, $5) RETURNING "id"[0m  [["name", "Buckingham Palace"], ["latitude", "51.501564"], ["logitude", "-0.141944"], ["created_at", "2019-06-03 14:15:44.519080"], ["updated_at", "2019-06-03 14:15:44.519080"]]
  ↳ db/seeds.rb:9
  [1m[35m (0.5ms)[0m  [1m[35mCOMMIT[0m
  ↳ db/seeds.rb:9
  [1m[35m (0.2ms)[0m  [1m[35mBEGIN[0m
  ↳ db/seeds.rb:9
  [1m[36mPlace Create (0.3ms)[0m  [1m[32mINSERT INTO "places" ("name", "latitude", "logitude", "created_at", "updated_at") VALUES ($1, $2, $3, $4, $5) RETURNING "id"[0m  [["name", "Westminster Abbey"], ["latitude", "51.499581"], ["logitude", "-0.127309"], ["created_at", "2019-06-03 14:15:44.523946"], ["updated_at", "2019-06-03 14:15:44.523946"]]
  ↳ db/seeds.rb:9
  [1m[35m (0.4ms)[0m  [1m[35mCOMMIT[0m
  ↳ db/seeds.rb:9
  [1m[35m (0.2ms)[0m  [1m[35mBEGIN[0m
  ↳ db/seeds.rb:9
  [1m[36mPlace Create (0.2ms)[0m  [1m[32mINSERT INTO "places" ("name", "latitude", "logitude", "created_at", "updated_at") VALUES ($1, $2, $3, $4, $5) RETURNING "id"[0m  [["name", "Big Ben"], ["latitude", "51.500792"], ["logitude", "-0.124613"], ["created_at", "2019-06-03 14:15:44.526048"], ["updated_at", "2019-06-03 14:15:44.526048"]]
  ↳ db/seeds.rb:9
  [1m[35m (0.4ms)[0m  [1m[35mCOMMIT[0m
  ↳ db/seeds.rb:9
